# JRE version: Java(TM) SE Runtime Environment (8.0_221-b11) (build 1.8.0_221-b11)
# Java VM: Java HotSpot(TM) 64-Bit Server VM (25.221-b11 mixed mode linux-aarch64 compressed oops)
Heap:
 PSYoungGen      total 407040K, used 55257K [0x000000076ab00000, 0x000000078a500000, 0x00000007c0000000)
  eden space 346624K, 15% used [0x000000076ab00000,0x000000076e0f6738,0x000000077fd80000)
  from space 60416K, 0% used [0x000000077fd80000,0x000000077fd80000,0x0000000783880000)
  to   space 66560K, 0% used [0x0000000786400000,0x0000000786400000,0x000000078a500000)
 ParOldGen       total 1305088K, used 129682K [0x00000006c0000000, 0x000000070fa80000, 0x000000076ab00000)
  object space 1305088K, 9% used [0x00000006c0000000,0x00000006c7ea4a20,0x000000070fa80000)
 Metaspace       used 96120K, capacity 98546K, committed 98944K, reserved 1134592K
  class space    used 12238K, capacity 12813K, committed 12928K, reserved 1048576K
GC Heap History (10 events):
Event: 38.592 GC heap before
{Heap before GC invocations=11 (full 3):
 PSYoungGen      total 317952K, used 304207K [0x000000076ab00000, 0x0000000784000000, 0x00000007c0000000)
  eden space 269312K, 100% used [0x000000076ab00000,0x000000077b200000,0x000000077b200000)
  from space 48640K, 71% used [0x000000077b200000,0x000000077d413d80,0x000000077e180000)
  to   space 47616K, 0% used [0x0000000781180000,0x0000000781180000,0x0000000784000000)
 ParOldGen       total 862208K, used 76773K [0x00000006c0000000, 0x00000006f4a00000, 0x000000076ab00000)
  object space 862208K, 8% used [0x00000006c0000000,0x00000006c4af9668,0x00000006f4a00000)
 Metaspace       used 85621K, capacity 87280K, committed 87552K, reserved 1126400K
  class space    used 10746K, capacity 11180K, committed 11264K, reserved 1048576K
Event: 38.644 GC heap after
Heap after GC invocations=11 (full 3):
 PSYoungGen      total 359424K, used 47590K [0x000000076ab00000, 0x0000000784e80000, 0x00000007c0000000)
  eden space 311808K, 0% used [0x000000076ab00000,0x000000076ab00000,0x000000077db80000)
  from space 47616K, 99% used [0x0000000781180000,0x0000000783ff9a88,0x0000000784000000)
  to   space 55296K, 0% used [0x000000077db80000,0x000000077db80000,0x0000000781180000)
 ParOldGen       total 862208K, used 83349K [0x00000006c0000000, 0x00000006f4a00000, 0x000000076ab00000)
  object space 862208K, 9% used [0x00000006c0000000,0x00000006c51654d8,0x00000006f4a00000)
 Metaspace       used 85621K, capacity 87280K, committed 87552K, reserved 1126400K
  class space    used 10746K, capacity 11180K, committed 11264K, reserved 1048576K
}
Event: 48.577 GC heap before
{Heap before GC invocations=12 (full 3):
 PSYoungGen      total 359424K, used 359398K [0x000000076ab00000, 0x0000000784e80000, 0x00000007c0000000)
  eden space 311808K, 100% used [0x000000076ab00000,0x000000077db80000,0x000000077db80000)
  from space 47616K, 99% used [0x0000000781180000,0x0000000783ff9a88,0x0000000784000000)
  to   space 55296K, 0% used [0x000000077db80000,0x000000077db80000,0x0000000781180000)
 ParOldGen       total 862208K, used 83349K [0x00000006c0000000, 0x00000006f4a00000, 0x000000076ab00000)
  object space 862208K, 9% used [0x00000006c0000000,0x00000006c51654d8,0x00000006f4a00000)
 Metaspace       used 88082K, capacity 90010K, committed 90240K, reserved 1128448K
  class space    used 11065K, capacity 11606K, committed 11648K, reserved 1048576K
Event: 48.669 GC heap after
Heap after GC invocations=12 (full 3):
 PSYoungGen      total 367104K, used 55286K [0x000000076ab00000, 0x0000000787580000, 0x00000007c0000000)
  eden space 311808K, 0% used [0x000000076ab00000,0x000000076ab00000,0x000000077db80000)
  from space 55296K, 99% used [0x000000077db80000,0x000000078117da18,0x0000000781180000)
  to   space 61440K, 0% used [0x0000000783980000,0x0000000783980000,0x0000000787580000)
 ParOldGen       total 862208K, used 83430K [0x00000006c0000000, 0x00000006f4a00000, 0x000000076ab00000)
  object space 862208K, 9% used [0x00000006c0000000,0x00000006c5179a28,0x00000006f4a00000)
 Metaspace       used 88082K, capacity 90010K, committed 90240K, reserved 1128448K
  class space    used 11065K, capacity 11606K, committed 11648K, reserved 1048576K
}
Event: 55.010 GC heap before
{Heap before GC invocations=13 (full 3):
 PSYoungGen      total 367104K, used 367094K [0x000000076ab00000, 0x0000000787580000, 0x00000007c0000000)
  eden space 311808K, 100% used [0x000000076ab00000,0x000000077db80000,0x000000077db80000)
  from space 55296K, 99% used [0x000000077db80000,0x000000078117da18,0x0000000781180000)
  to   space 61440K, 0% used [0x0000000783980000,0x0000000783980000,0x0000000787580000)
 ParOldGen       total 862208K, used 83430K [0x00000006c0000000, 0x00000006f4a00000, 0x000000076ab00000)
  object space 862208K, 9% used [0x00000006c0000000,0x00000006c5179a28,0x00000006f4a00000)
 Metaspace       used 94700K, capacity 96956K, committed 97280K, reserved 1134592K
  class space    used 11970K, capacity 12531K, committed 12544K, reserved 1048576K
Event: 55.067 GC heap after
Heap after GC invocations=13 (full 3):
 PSYoungGen      total 406016K, used 29761K [0x000000076ab00000, 0x0000000787380000, 0x00000007c0000000)
  eden space 346624K, 0% used [0x000000076ab00000,0x000000076ab00000,0x000000077fd80000)
  from space 59392K, 50% used [0x0000000783980000,0x00000007856904d8,0x0000000787380000)
  to   space 60416K, 0% used [0x000000077fd80000,0x000000077fd80000,0x0000000783880000)
 ParOldGen       total 862208K, used 100392K [0x00000006c0000000, 0x00000006f4a00000, 0x000000076ab00000)
  object space 862208K, 11% used [0x00000006c0000000,0x00000006c620a2c0,0x00000006f4a00000)
 Metaspace       used 94700K, capacity 96956K, committed 97280K, reserved 1134592K
  class space    used 11970K, capacity 12531K, committed 12544K, reserved 1048576K
}
Event: 62.907 GC heap before
{Heap before GC invocations=14 (full 3):
 PSYoungGen      total 406016K, used 327048K [0x000000076ab00000, 0x0000000787380000, 0x00000007c0000000)
  eden space 346624K, 85% used [0x000000076ab00000,0x000000077cd51ee8,0x000000077fd80000)
  from space 59392K, 50% used [0x0000000783980000,0x00000007856904d8,0x0000000787380000)
  to   space 60416K, 0% used [0x000000077fd80000,0x000000077fd80000,0x0000000783880000)
 ParOldGen       total 862208K, used 100392K [0x00000006c0000000, 0x00000006f4a00000, 0x000000076ab00000)
  object space 862208K, 11% used [0x00000006c0000000,0x00000006c620a2c0,0x00000006f4a00000)
 Metaspace       used 96199K, capacity 98496K, committed 98560K, reserved 1134592K
  class space    used 12178K, capacity 12753K, committed 12800K, reserved 1048576K
Event: 62.971 GC heap after
Heap after GC invocations=14 (full 3):
 PSYoungGen      total 407040K, used 59431K [0x000000076ab00000, 0x000000078a500000, 0x00000007c0000000)
  eden space 346624K, 0% used [0x000000076ab00000,0x000000076ab00000,0x000000077fd80000)
  from space 60416K, 98% used [0x000000077fd80000,0x0000000783789dd0,0x0000000783880000)
  to   space 66560K, 0% used [0x0000000786400000,0x0000000786400000,0x000000078a500000)
 ParOldGen       total 862208K, used 100400K [0x00000006c0000000, 0x00000006f4a00000, 0x000000076ab00000)
  object space 862208K, 11% used [0x00000006c0000000,0x00000006c620c2c0,0x00000006f4a00000)
 Metaspace       used 96199K, capacity 98496K, committed 98560K, reserved 1134592K
  class space    used 12178K, capacity 12753K, committed 12800K, reserved 1048576K
}
Event: 62.971 GC heap before
{Heap before GC invocations=15 (full 4):
 PSYoungGen      total 407040K, used 59431K [0x000000076ab00000, 0x000000078a500000, 0x00000007c0000000)
  eden space 346624K, 0% used [0x000000076ab00000,0x000000076ab00000,0x000000077fd80000)
  from space 60416K, 98% used [0x000000077fd80000,0x0000000783789dd0,0x0000000783880000)
  to   space 66560K, 0% used [0x0000000786400000,0x0000000786400000,0x000000078a500000)
 ParOldGen       total 862208K, used 100400K [0x00000006c0000000, 0x00000006f4a00000, 0x000000076ab00000)
  object space 862208K, 11% used [0x00000006c0000000,0x00000006c620c2c0,0x00000006f4a00000)
 Metaspace       used 96199K, capacity 98496K, committed 98560K, reserved 1134592K
  class space    used 12178K, capacity 12753K, committed 12800K, reserved 1048576K
Event: 63.326 GC heap after
Heap after GC invocations=15 (full 4):
 PSYoungGen      total 407040K, used 0K [0x000000076ab00000, 0x000000078a500000, 0x00000007c0000000)
  eden space 346624K, 0% used [0x000000076ab00000,0x000000076ab00000,0x000000077fd80000)
  from space 60416K, 0% used [0x000000077fd80000,0x000000077fd80000,0x0000000783880000)
  to   space 66560K, 0% used [0x0000000786400000,0x0000000786400000,0x000000078a500000)
 ParOldGen       total 1305088K, used 129682K [0x00000006c0000000, 0x000000070fa80000, 0x000000076ab00000)
  object space 1305088K, 9% used [0x00000006c0000000,0x00000006c7ea4a20,0x000000070fa80000)
 Metaspace       used 94178K, capacity 96430K, committed 98560K, reserved 1134592K
  class space    used 11940K, capacity 12513K, committed 12800K, reserved 1048576K
}

